{
  "RSpec": {
    "coverage": {
      "/Users/michaelkuhlmeier/turing_work/1mod/projects/battleship/lib/cell.rb": {
        "lines": [
          1,
          1,
          null,
          1,
          1352,
          1352,
          1352,
          null,
          null,
          1,
          73,
          null,
          null,
          1,
          178,
          null,
          null,
          1,
          18,
          17,
          17,
          10,
          null,
          null,
          null,
          null,
          1,
          23,
          null,
          null,
          1,
          198,
          171,
          27,
          15,
          9,
          null,
          6,
          null,
          12,
          4,
          8,
          3,
          5,
          5,
          null,
          null,
          null
        ]
      },
      "/Users/michaelkuhlmeier/turing_work/1mod/projects/battleship/lib/ship.rb": {
        "lines": [
          1,
          1,
          null,
          1,
          87,
          87,
          87,
          null,
          null,
          1,
          18,
          null,
          null,
          1,
          20,
          null,
          null
        ]
      },
      "/Users/michaelkuhlmeier/turing_work/1mod/projects/battleship/lib/board.rb": {
        "lines": [
          1,
          1,
          1,
          39,
          39,
          39,
          null,
          null,
          1,
          62,
          62,
          62,
          62,
          255,
          255,
          255,
          255,
          1318,
          1318,
          1318,
          null,
          255,
          255,
          null,
          62,
          null,
          null,
          1,
          39,
          1376,
          null,
          null,
          1,
          173,
          null,
          null,
          1,
          73,
          null,
          null,
          null,
          168,
          null,
          null,
          1,
          76,
          null,
          null,
          1,
          279,
          78,
          78,
          null,
          null,
          1,
          81,
          286,
          266,
          42,
          133,
          36,
          null,
          2,
          null,
          null,
          null,
          1,
          251,
          316,
          null,
          null,
          1,
          246,
          null,
          null,
          1,
          28,
          22,
          63,
          63,
          null,
          null,
          null,
          null,
          1,
          12,
          null,
          null,
          null,
          1,
          12,
          12,
          12,
          36,
          36,
          36,
          null,
          12,
          null,
          null,
          1,
          12,
          12,
          12,
          36,
          36,
          36,
          null,
          12,
          null,
          null,
          1,
          48,
          48,
          48,
          192,
          192,
          192,
          192,
          null,
          48,
          null,
          null,
          null,
          1,
          192,
          null,
          null,
          1,
          25,
          null,
          null
        ]
      },
      "/Users/michaelkuhlmeier/turing_work/1mod/projects/battleship/lib/player.rb": {
        "lines": [
          1,
          1,
          null,
          1,
          1,
          21,
          21,
          21,
          null,
          null,
          1,
          14,
          null,
          null,
          1,
          2,
          null,
          null,
          1,
          6,
          null,
          null
        ]
      },
      "/Users/michaelkuhlmeier/turing_work/1mod/projects/battleship/lib/game.rb": {
        "lines": [
          1,
          1,
          0,
          0,
          null,
          null,
          1,
          0,
          0,
          0,
          0,
          0,
          0,
          0,
          0,
          0,
          null,
          null,
          0,
          null,
          null,
          null,
          1,
          0,
          0,
          0,
          0,
          0,
          0,
          0,
          0,
          0,
          null,
          null,
          1,
          0,
          0,
          0,
          0,
          null,
          null,
          0,
          null,
          null,
          1,
          0,
          0,
          0,
          null,
          0,
          0,
          null,
          0,
          null,
          null,
          1,
          0,
          0,
          0,
          0,
          0,
          null,
          null,
          1,
          0,
          0,
          0,
          0,
          0,
          null,
          0,
          0,
          0,
          0,
          null,
          null,
          1,
          0,
          0,
          0,
          0,
          0,
          0,
          0,
          null,
          null,
          1,
          0,
          0,
          0,
          0,
          0,
          0,
          0,
          0,
          0,
          null,
          0,
          null,
          0,
          null,
          0,
          null,
          0,
          0,
          null,
          null,
          null,
          1,
          0,
          0,
          0,
          0,
          0,
          null,
          0,
          0,
          0,
          0,
          0,
          null,
          0,
          0,
          null,
          0,
          null,
          null,
          1,
          0,
          0,
          0,
          0,
          0,
          0,
          0,
          0,
          0,
          0,
          null,
          null,
          0,
          0,
          0,
          0,
          0,
          0,
          0,
          null,
          null,
          1,
          0,
          0,
          0,
          0,
          0,
          0,
          0,
          0,
          0,
          0,
          0,
          0,
          0,
          0,
          0,
          null,
          0,
          null,
          null,
          0,
          null,
          null,
          1,
          0,
          0,
          0,
          0,
          0,
          0,
          null,
          0,
          null,
          null,
          1,
          0,
          0,
          0,
          0,
          0,
          null,
          0,
          null,
          null
        ]
      },
      "/Users/michaelkuhlmeier/turing_work/1mod/projects/battleship/lib/ai.rb": {
        "lines": [
          1,
          null,
          1,
          null,
          1,
          2,
          null,
          null,
          1,
          0,
          0,
          0,
          null,
          null,
          null,
          1,
          20,
          20,
          20,
          3,
          3,
          null,
          20,
          null,
          null,
          1,
          13,
          13,
          13,
          13,
          17,
          17,
          17,
          null,
          13,
          null,
          null,
          1,
          10,
          10,
          10,
          10,
          16,
          16,
          16,
          null,
          10,
          null,
          null
        ]
      },
      "/Users/michaelkuhlmeier/turing_work/1mod/projects/battleship/lib/human.rb": {
        "lines": [
          1,
          1,
          null,
          1,
          null,
          1,
          3,
          null,
          null,
          1,
          0,
          0,
          0,
          0,
          0,
          0,
          null,
          0,
          0,
          0,
          0,
          0,
          null,
          0,
          0,
          null,
          null
        ]
      },
      "/Users/michaelkuhlmeier/turing_work/1mod/projects/battleship/spec/board_spec.rb": {
        "lines": [
          1,
          1,
          null,
          1,
          1,
          17,
          null,
          1,
          1,
          1,
          1,
          1,
          1,
          16,
          null,
          1,
          16,
          null,
          null,
          null,
          1,
          1,
          1,
          1,
          1,
          1,
          729,
          null,
          null,
          null,
          null,
          1,
          1,
          1,
          1,
          null,
          null,
          1,
          1,
          1,
          1,
          null,
          null,
          null,
          1,
          1,
          5,
          5,
          null,
          null,
          1,
          1,
          1,
          1,
          1,
          null,
          null,
          null,
          1,
          1,
          1,
          1,
          1,
          1,
          1,
          1,
          1,
          null,
          null,
          null,
          1,
          1,
          1,
          1,
          1,
          1,
          null,
          null,
          null,
          1,
          1,
          1,
          1,
          1,
          1,
          1,
          null,
          null,
          null,
          1,
          1,
          1,
          1,
          null,
          null,
          null,
          1,
          1,
          2,
          2,
          null,
          null,
          1,
          1,
          1,
          1,
          1,
          1,
          1,
          3,
          null,
          null,
          null,
          1,
          1,
          1,
          1,
          1,
          1,
          1,
          3,
          null,
          1,
          1,
          1,
          1,
          1,
          1,
          1,
          1,
          1,
          2,
          null,
          null,
          null,
          null,
          1,
          1,
          5,
          5,
          null,
          null,
          1,
          1,
          null,
          null,
          1,
          1,
          1,
          null,
          null,
          1,
          1,
          1,
          null,
          null,
          1,
          1,
          1,
          1,
          1,
          1,
          1,
          1,
          null,
          null,
          1,
          1,
          1,
          1,
          1,
          1,
          1,
          1,
          null,
          null,
          null,
          1,
          1,
          1,
          null,
          null,
          null
        ]
      },
      "/Users/michaelkuhlmeier/turing_work/1mod/projects/battleship/spec/cell_spec.rb": {
        "lines": [
          1,
          null,
          1,
          1,
          15,
          15,
          null,
          1,
          1,
          1,
          1,
          1,
          null,
          null,
          null,
          1,
          1,
          1,
          1,
          1,
          null,
          null,
          null,
          1,
          null,
          1,
          1,
          null,
          null,
          1,
          1,
          1,
          null,
          null,
          null,
          1,
          1,
          1,
          null,
          null,
          1,
          1,
          1,
          null,
          null,
          null,
          1,
          1,
          1,
          1,
          null,
          null,
          1,
          1,
          1,
          1,
          1,
          1,
          null,
          null,
          1,
          1,
          1,
          1,
          null,
          null,
          null,
          1,
          1,
          1,
          null,
          null,
          1,
          1,
          1,
          null,
          null,
          1,
          1,
          1,
          null,
          null,
          1,
          1,
          1,
          null,
          null,
          1,
          1,
          1,
          1,
          1,
          null,
          null,
          1,
          1,
          1,
          1,
          1,
          1,
          null,
          null,
          null
        ]
      },
      "/Users/michaelkuhlmeier/turing_work/1mod/projects/battleship/spec/human_spec.rb": {
        "lines": [
          1,
          1,
          null,
          1,
          4,
          1,
          1,
          null,
          null,
          1,
          1,
          1,
          1,
          1,
          1,
          1,
          1,
          1,
          1,
          1,
          1,
          null,
          null,
          null,
          1,
          1,
          1,
          null,
          null,
          1,
          1,
          1,
          1,
          null,
          null,
          null
        ]
      },
      "/Users/michaelkuhlmeier/turing_work/1mod/projects/battleship/spec/player_spec.rb": {
        "lines": [
          1,
          1,
          null,
          1,
          7,
          1,
          1,
          1,
          1,
          1,
          1,
          1,
          1,
          1,
          1,
          1,
          1,
          null,
          null,
          null,
          null,
          1,
          1,
          1,
          1,
          1,
          1,
          null,
          null,
          1,
          1,
          null,
          null,
          null,
          1,
          1,
          1,
          1,
          1,
          null,
          null,
          null,
          1,
          1,
          1,
          null,
          null,
          1,
          1,
          1,
          1,
          null,
          null,
          null
        ]
      },
      "/Users/michaelkuhlmeier/turing_work/1mod/projects/battleship/spec/ship_spec.rb": {
        "lines": [
          1,
          null,
          1,
          5,
          1,
          1,
          1,
          1,
          1,
          1,
          null,
          null,
          null,
          1,
          1,
          1,
          1,
          1,
          null,
          null,
          null,
          1,
          1,
          1,
          null,
          null,
          1,
          1,
          1,
          1,
          1,
          1,
          1,
          1,
          null,
          null,
          1,
          1,
          1,
          1,
          1,
          1,
          1,
          1,
          1,
          null,
          null,
          null
        ]
      }
    },
    "timestamp": 1694625751
  },
  "Unknown Test Framework": {
    "coverage": {
      "/Users/michaelkuhlmeier/turing_work/1mod/projects/battleship/lib/cell.rb": {
        "lines": [
          1,
          1,
          null,
          1,
          0,
          0,
          0,
          null,
          null,
          1,
          0,
          null,
          null,
          1,
          0,
          null,
          null,
          1,
          0,
          0,
          0,
          0,
          null,
          null,
          null,
          null,
          1,
          0,
          null,
          null,
          1,
          0,
          0,
          0,
          0,
          0,
          null,
          0,
          null,
          0,
          0,
          0,
          0,
          0,
          0,
          null,
          null,
          null
        ]
      },
      "/Users/michaelkuhlmeier/turing_work/1mod/projects/battleship/lib/ship.rb": {
        "lines": [
          1,
          1,
          null,
          1,
          0,
          0,
          0,
          null,
          null,
          1,
          0,
          null,
          null,
          1,
          0,
          null,
          null
        ]
      },
      "/Users/michaelkuhlmeier/turing_work/1mod/projects/battleship/lib/board.rb": {
        "lines": [
          1,
          1,
          1,
          0,
          0,
          0,
          null,
          null,
          1,
          0,
          0,
          0,
          0,
          0,
          0,
          0,
          0,
          0,
          0,
          0,
          null,
          0,
          0,
          null,
          0,
          null,
          null,
          1,
          0,
          0,
          null,
          null,
          1,
          0,
          null,
          null,
          1,
          0,
          null,
          null,
          null,
          0,
          null,
          null,
          1,
          0,
          null,
          null,
          1,
          0,
          0,
          0,
          null,
          null,
          1,
          0,
          0,
          0,
          0,
          0,
          0,
          null,
          0,
          null,
          null,
          null,
          1,
          0,
          0,
          null,
          null,
          1,
          0,
          null,
          null,
          1,
          0,
          0,
          0,
          0,
          null,
          null,
          null,
          null,
          1,
          0,
          null,
          null,
          null,
          1,
          0,
          0,
          0,
          0,
          0,
          0,
          null,
          0,
          null,
          null,
          1,
          0,
          0,
          0,
          0,
          0,
          0,
          null,
          0,
          null,
          null,
          1,
          0,
          0,
          0,
          0,
          0,
          0,
          0,
          null,
          0,
          null,
          null,
          null,
          1,
          0,
          null,
          null,
          1,
          0,
          null,
          null
        ]
      },
      "/Users/michaelkuhlmeier/turing_work/1mod/projects/battleship/lib/player.rb": {
        "lines": [
          1,
          1,
          null,
          1,
          1,
          0,
          0,
          0,
          null,
          null,
          1,
          0,
          null,
          null,
          1,
          0,
          null,
          null,
          1,
          0,
          null,
          null
        ]
      },
      "/Users/michaelkuhlmeier/turing_work/1mod/projects/battleship/lib/game.rb": {
        "lines": [
          1,
          1,
          0,
          0,
          null,
          null,
          1,
          0,
          0,
          0,
          0,
          0,
          0,
          0,
          0,
          0,
          null,
          null,
          0,
          null,
          null,
          null,
          1,
          0,
          0,
          0,
          0,
          0,
          0,
          0,
          0,
          0,
          null,
          null,
          1,
          0,
          0,
          0,
          0,
          null,
          null,
          0,
          null,
          null,
          1,
          0,
          0,
          0,
          null,
          0,
          0,
          null,
          0,
          null,
          null,
          1,
          0,
          0,
          0,
          0,
          0,
          null,
          null,
          1,
          0,
          0,
          0,
          0,
          0,
          null,
          0,
          0,
          0,
          0,
          null,
          null,
          1,
          0,
          0,
          0,
          0,
          0,
          0,
          0,
          null,
          null,
          1,
          0,
          0,
          0,
          0,
          0,
          0,
          0,
          0,
          0,
          null,
          0,
          null,
          0,
          null,
          0,
          null,
          0,
          0,
          null,
          null,
          null,
          1,
          0,
          0,
          0,
          0,
          0,
          null,
          0,
          0,
          0,
          0,
          0,
          null,
          0,
          0,
          null,
          0,
          null,
          null,
          1,
          0,
          0,
          0,
          0,
          0,
          0,
          0,
          0,
          0,
          0,
          null,
          null,
          0,
          0,
          0,
          0,
          0,
          0,
          0,
          null,
          null,
          1,
          0,
          0,
          0,
          0,
          0,
          0,
          0,
          0,
          0,
          0,
          0,
          0,
          0,
          0,
          0,
          null,
          0,
          null,
          null,
          0,
          null,
          null,
          1,
          0,
          0,
          0,
          0,
          0,
          0,
          null,
          0,
          null,
          null,
          1,
          0,
          0,
          0,
          0,
          0,
          null,
          0,
          null,
          null
        ]
      },
      "/Users/michaelkuhlmeier/turing_work/1mod/projects/battleship/lib/ai.rb": {
        "lines": [
          1,
          null,
          1,
          null,
          1,
          0,
          null,
          null,
          1,
          0,
          0,
          0,
          null,
          null,
          null,
          1,
          0,
          0,
          0,
          0,
          0,
          null,
          0,
          null,
          null,
          1,
          0,
          0,
          0,
          0,
          0,
          0,
          0,
          null,
          0,
          null,
          null,
          1,
          0,
          0,
          0,
          0,
          0,
          0,
          0,
          null,
          0,
          null,
          null
        ]
      },
      "/Users/michaelkuhlmeier/turing_work/1mod/projects/battleship/lib/human.rb": {
        "lines": [
          1,
          1,
          null,
          1,
          null,
          1,
          0,
          null,
          null,
          1,
          0,
          0,
          0,
          0,
          0,
          0,
          null,
          0,
          0,
          0,
          0,
          0,
          null,
          0,
          0,
          null,
          null
        ]
      }
    },
    "timestamp": 1694633055
  }
}
